<?xml version="1.0" encoding="UTF-8"?>
<!-- Generated by org.testng.reporters.JUnitReportReporter -->
<testsuite skipped="0" hostname="LAPTOP-6RHKGB6P" name="fristtestngpackage.FirsttestNGfile" tests="1" failures="0" timestamp="2019-08-25T15:31:51 IST" time="24.945" errors="0">
  <testcase name="VerifyAboutPageTitle" time="24.945" classname="fristtestngpackage.FirsttestNGfile"/>
</testsuite> <!-- fristtestngpackage.FirsttestNGfile -->
