<?xml version="1.0" encoding="UTF-8"?>
<!-- Generated by org.testng.reporters.JUnitReportReporter -->
<testsuite skipped="0" hostname="LAPTOP-6RHKGB6P" name="com.org.maventest.maventest.FirsttestNGfile" tests="1" failures="0" timestamp="2019-08-25T17:35:31 IST" time="27.326" errors="0">
  <testcase name="VerifyAboutPageTitle" time="27.326" classname="com.org.maventest.maventest.FirsttestNGfile"/>
</testsuite> <!-- com.org.maventest.maventest.FirsttestNGfile -->
