<?xml version="1.0" encoding="UTF-8"?>
<!-- Generated by org.testng.reporters.JUnitReportReporter -->
<testsuite skipped="0" hostname="LAPTOP-6RHKGB6P" name="com.org.maventest.maventest.FirsttestNGfile" tests="1" failures="0" timestamp="2019-08-25T16:55:39 IST" time="20.149" errors="0">
  <testcase name="VerifyAboutPageTitle" time="20.149" classname="com.org.maventest.maventest.FirsttestNGfile"/>
</testsuite> <!-- com.org.maventest.maventest.FirsttestNGfile -->
