<?xml version="1.0" encoding="UTF-8"?>
<!-- Generated by org.testng.reporters.JUnitReportReporter -->
<testsuite skipped="0" hostname="LAPTOP-6RHKGB6P" name="fristtestngpackage.FirsttestNGfile" tests="1" failures="0" timestamp="2019-08-25T16:45:00 IST" time="22.294" errors="0">
  <testcase name="VerifyAboutPageTitle" time="22.294" classname="fristtestngpackage.FirsttestNGfile"/>
</testsuite> <!-- fristtestngpackage.FirsttestNGfile -->
